build/app/intermediates/manifest_merge_blame_file/release/manifest-merger-blame-release-report.txt
1<?xml version="1.0" encoding="utf-8"?>
2<manifest xmlns:android="http://schemas.android.com/apk/res/android"
3    package="com.gmail.seriousapp777_ayakashitriangle"
4    android:versionCode="2"
5    android:versionName="1.0.1" >
6
7    <uses-sdk
8        android:minSdkVersion="19"
8-->src/main/AndroidManifest.xml
9        android:targetSdkVersion="33" />
9-->src/main/AndroidManifest.xml
10
11    <uses-permission android:name="android.permission.INTERNET" />
11-->src/main/AndroidManifest.xml:4:5-67
11-->src/main/AndroidManifest.xml:4:22-64
12    <uses-permission android:name="android.permission.ACCESS_NETWORK_STATE" />
12-->[com.google.android.exoplayer:exoplayer-core:2.18.1] AndroidManifest.xml:24:5-79
12-->[com.google.android.exoplayer:exoplayer-core:2.18.1] AndroidManifest.xml:24:22-76
13    <uses-permission android:name="com.google.android.gms.permission.AD_ID" /> <!-- Android package visibility setting -->
13-->[com.google.android.gms:play-services-ads-lite:21.2.0] AndroidManifest.xml:25:5-79
13-->[com.google.android.gms:play-services-ads-lite:21.2.0] AndroidManifest.xml:25:22-76
14    <queries>
14-->[com.google.android.gms:play-services-ads-lite:21.2.0] AndroidManifest.xml:28:5-44:15
15
16        <!-- For browser content -->
17        <intent>
17-->[com.google.android.gms:play-services-ads-lite:21.2.0] AndroidManifest.xml:31:9-37:18
18            <action android:name="android.intent.action.VIEW" />
18-->[com.google.android.gms:play-services-ads-lite:21.2.0] AndroidManifest.xml:32:13-65
18-->[com.google.android.gms:play-services-ads-lite:21.2.0] AndroidManifest.xml:32:21-62
19
20            <category android:name="android.intent.category.BROWSABLE" />
20-->[com.google.android.gms:play-services-ads-lite:21.2.0] AndroidManifest.xml:34:13-74
20-->[com.google.android.gms:play-services-ads-lite:21.2.0] AndroidManifest.xml:34:23-71
21
22            <data android:scheme="https" />
22-->[com.google.android.gms:play-services-ads-lite:21.2.0] AndroidManifest.xml:36:13-44
22-->[com.google.android.gms:play-services-ads-lite:21.2.0] AndroidManifest.xml:36:19-41
23        </intent>
24        <!-- End of browser content -->
25        <!-- For CustomTabsService -->
26        <intent>
26-->[com.google.android.gms:play-services-ads-lite:21.2.0] AndroidManifest.xml:40:9-42:18
27            <action android:name="android.support.customtabs.action.CustomTabsService" />
27-->[com.google.android.gms:play-services-ads-lite:21.2.0] AndroidManifest.xml:41:13-90
27-->[com.google.android.gms:play-services-ads-lite:21.2.0] AndroidManifest.xml:41:21-87
28        </intent>
29        <!-- End of CustomTabsService -->
30        <intent>
30-->[androidx.media2:media2-session:1.2.0] AndroidManifest.xml:25:9-27:18
31            <action android:name="android.media.browse.MediaBrowserService" />
31-->[androidx.media2:media2-session:1.2.0] AndroidManifest.xml:26:13-79
31-->[androidx.media2:media2-session:1.2.0] AndroidManifest.xml:26:21-76
32        </intent>
33        <intent>
33-->[androidx.media2:media2-session:1.2.0] AndroidManifest.xml:28:9-30:18
34            <action android:name="androidx.media2.session.MediaSessionService" />
34-->[androidx.media2:media2-session:1.2.0] AndroidManifest.xml:29:13-82
34-->[androidx.media2:media2-session:1.2.0] AndroidManifest.xml:29:21-79
35        </intent>
36        <intent>
36-->[androidx.media2:media2-session:1.2.0] AndroidManifest.xml:31:9-33:18
37            <action android:name="androidx.media2.session.MediaLibraryService" />
37-->[androidx.media2:media2-session:1.2.0] AndroidManifest.xml:32:13-82
37-->[androidx.media2:media2-session:1.2.0] AndroidManifest.xml:32:21-79
38        </intent>
39    </queries>
40
41    <uses-permission android:name="android.permission.WAKE_LOCK" />
41-->[com.google.android.gms:play-services-measurement-sdk-api:20.1.2] AndroidManifest.xml:25:5-68
41-->[com.google.android.gms:play-services-measurement-sdk-api:20.1.2] AndroidManifest.xml:25:22-65
42    <uses-permission android:name="android.permission.RECEIVE_BOOT_COMPLETED" />
42-->[androidx.work:work-runtime:2.7.0] AndroidManifest.xml:27:5-81
42-->[androidx.work:work-runtime:2.7.0] AndroidManifest.xml:27:22-78
43    <uses-permission android:name="android.permission.FOREGROUND_SERVICE" />
43-->[androidx.work:work-runtime:2.7.0] AndroidManifest.xml:28:5-77
43-->[androidx.work:work-runtime:2.7.0] AndroidManifest.xml:28:22-74
44
45    <application
46        android:name="android.app.Application"
46-->src/main/AndroidManifest.xml:6:9-42
47        android:appComponentFactory="androidx.core.app.CoreComponentFactory"
47-->[androidx.core:core:1.7.0] AndroidManifest.xml:24:18-86
48        android:icon="@mipmap/ic_launcher"
48-->src/main/AndroidManifest.xml:7:9-43
49        android:label="〜クイズ診断アプリ" >
49-->src/main/AndroidManifest.xml:8:9-34
50        <activity
50-->src/main/AndroidManifest.xml:9:9-28:20
51            android:name="com.example.quiz_spreadsheet.MainActivity"
51-->src/main/AndroidManifest.xml:10:13-41
52            android:configChanges="orientation|keyboardHidden|keyboard|screenSize|smallestScreenSize|locale|layoutDirection|fontScale|screenLayout|density|uiMode"
52-->src/main/AndroidManifest.xml:11:13-163
53            android:exported="true"
53-->src/main/AndroidManifest.xml:12:13-36
54            android:hardwareAccelerated="true"
54-->src/main/AndroidManifest.xml:13:13-47
55            android:launchMode="singleTop"
55-->src/main/AndroidManifest.xml:14:13-43
56            android:theme="@style/LaunchTheme"
56-->src/main/AndroidManifest.xml:15:13-47
57            android:windowSoftInputMode="adjustResize" >
57-->src/main/AndroidManifest.xml:16:13-55
58
59            <!--
60                 Specifies an Android theme to apply to this Activity as soon as
61                 the Android process has started. This theme is visible to the user
62                 while the Flutter UI initializes. After that, this theme continues
63                 to determine the Window background behind the Flutter UI.
64            -->
65            <meta-data
65-->src/main/AndroidManifest.xml:21:13-23:57
66                android:name="io.flutter.embedding.android.NormalTheme"
66-->src/main/AndroidManifest.xml:22:17-72
67                android:resource="@style/NormalTheme" />
67-->src/main/AndroidManifest.xml:23:17-54
68
69            <intent-filter>
69-->src/main/AndroidManifest.xml:24:13-27:29
70                <action android:name="android.intent.action.MAIN" />
70-->src/main/AndroidManifest.xml:25:17-69
70-->src/main/AndroidManifest.xml:25:25-66
71
72                <category android:name="android.intent.category.LAUNCHER" />
72-->src/main/AndroidManifest.xml:26:17-77
72-->src/main/AndroidManifest.xml:26:27-74
73            </intent-filter>
74        </activity>
75        <!--
76             Don't delete the meta-data below.
77             This is used by the Flutter tool to generate GeneratedPluginRegistrant.java
78        -->
79        <meta-data
79-->src/main/AndroidManifest.xml:31:9-33:33
80            android:name="flutterEmbedding"
80-->src/main/AndroidManifest.xml:32:13-44
81            android:value="2" />
81-->src/main/AndroidManifest.xml:33:13-30
82        <!-- テスト用アプリID -->
83        <meta-data
83-->src/main/AndroidManifest.xml:35:9-37:70
84            android:name="com.google.android.gms.ads.APPLICATION_ID"
84-->src/main/AndroidManifest.xml:36:13-69
85            android:value="ca-app-pub-8929796513816949~1510131097" />
85-->src/main/AndroidManifest.xml:37:13-67
86        <meta-data
86-->[:google_mobile_ads] AndroidManifest.xml:12:9-14:36
87            android:name="io.flutter.embedded_views_preview"
87-->[:google_mobile_ads] AndroidManifest.xml:13:13-61
88            android:value="true" />
88-->[:google_mobile_ads] AndroidManifest.xml:14:13-33
89
90        <activity
90-->[:url_launcher_android] AndroidManifest.xml:10:9-13:74
91            android:name="io.flutter.plugins.urllauncher.WebViewActivity"
91-->[:url_launcher_android] AndroidManifest.xml:11:13-74
92            android:exported="false"
92-->[:url_launcher_android] AndroidManifest.xml:12:13-37
93            android:theme="@android:style/Theme.NoTitleBar.Fullscreen" />
93-->[:url_launcher_android] AndroidManifest.xml:13:13-71
94
95        <uses-library
95-->[androidx.window:window:1.0.0-beta04] AndroidManifest.xml:25:9-27:40
96            android:name="androidx.window.extensions"
96-->[androidx.window:window:1.0.0-beta04] AndroidManifest.xml:26:13-54
97            android:required="false" />
97-->[androidx.window:window:1.0.0-beta04] AndroidManifest.xml:27:13-37
98        <uses-library
98-->[androidx.window:window:1.0.0-beta04] AndroidManifest.xml:28:9-30:40
99            android:name="androidx.window.sidecar"
99-->[androidx.window:window:1.0.0-beta04] AndroidManifest.xml:29:13-51
100            android:required="false" />
100-->[androidx.window:window:1.0.0-beta04] AndroidManifest.xml:30:13-37
101
102        <provider
102-->[androidx.lifecycle:lifecycle-process:2.2.0] AndroidManifest.xml:25:9-29:43
103            android:name="androidx.lifecycle.ProcessLifecycleOwnerInitializer"
103-->[androidx.lifecycle:lifecycle-process:2.2.0] AndroidManifest.xml:26:13-79
104            android:authorities="com.gmail.seriousapp777_ayakashitriangle.lifecycle-process"
104-->[androidx.lifecycle:lifecycle-process:2.2.0] AndroidManifest.xml:27:13-69
105            android:exported="false"
105-->[androidx.lifecycle:lifecycle-process:2.2.0] AndroidManifest.xml:28:13-37
106            android:multiprocess="true" /> <!-- Include the AdActivity and InAppPurchaseActivity configChanges and themes. -->
106-->[androidx.lifecycle:lifecycle-process:2.2.0] AndroidManifest.xml:29:13-40
107        <activity
107-->[com.google.android.gms:play-services-ads-lite:21.2.0] AndroidManifest.xml:49:9-53:64
108            android:name="com.google.android.gms.ads.AdActivity"
108-->[com.google.android.gms:play-services-ads-lite:21.2.0] AndroidManifest.xml:50:13-65
109            android:configChanges="keyboard|keyboardHidden|orientation|screenLayout|uiMode|screenSize|smallestScreenSize"
109-->[com.google.android.gms:play-services-ads-lite:21.2.0] AndroidManifest.xml:51:13-122
110            android:exported="false"
110-->[com.google.android.gms:play-services-ads-lite:21.2.0] AndroidManifest.xml:52:13-37
111            android:theme="@android:style/Theme.Translucent" />
111-->[com.google.android.gms:play-services-ads-lite:21.2.0] AndroidManifest.xml:53:13-61
112
113        <provider
113-->[com.google.android.gms:play-services-ads-lite:21.2.0] AndroidManifest.xml:55:9-59:39
114            android:name="com.google.android.gms.ads.MobileAdsInitProvider"
114-->[com.google.android.gms:play-services-ads-lite:21.2.0] AndroidManifest.xml:56:13-76
115            android:authorities="com.gmail.seriousapp777_ayakashitriangle.mobileadsinitprovider"
115-->[com.google.android.gms:play-services-ads-lite:21.2.0] AndroidManifest.xml:57:13-73
116            android:exported="false"
116-->[com.google.android.gms:play-services-ads-lite:21.2.0] AndroidManifest.xml:58:13-37
117            android:initOrder="100" />
117-->[com.google.android.gms:play-services-ads-lite:21.2.0] AndroidManifest.xml:59:13-36
118
119        <service
119-->[com.google.android.gms:play-services-ads-lite:21.2.0] AndroidManifest.xml:61:9-64:40
120            android:name="com.google.android.gms.ads.AdService"
120-->[com.google.android.gms:play-services-ads-lite:21.2.0] AndroidManifest.xml:62:13-64
121            android:enabled="true"
121-->[com.google.android.gms:play-services-ads-lite:21.2.0] AndroidManifest.xml:63:13-35
122            android:exported="false" />
122-->[com.google.android.gms:play-services-ads-lite:21.2.0] AndroidManifest.xml:64:13-37
123
124        <activity
124-->[com.google.android.gms:play-services-base:18.0.0] AndroidManifest.xml:20:9-22:45
125            android:name="com.google.android.gms.common.api.GoogleApiActivity"
125-->[com.google.android.gms:play-services-base:18.0.0] AndroidManifest.xml:20:19-85
126            android:exported="false"
126-->[com.google.android.gms:play-services-base:18.0.0] AndroidManifest.xml:22:19-43
127            android:theme="@android:style/Theme.Translucent.NoTitleBar" />
127-->[com.google.android.gms:play-services-base:18.0.0] AndroidManifest.xml:21:19-78
128
129        <meta-data
129-->[com.google.android.gms:play-services-basement:18.0.0] AndroidManifest.xml:21:9-23:69
130            android:name="com.google.android.gms.version"
130-->[com.google.android.gms:play-services-basement:18.0.0] AndroidManifest.xml:22:13-58
131            android:value="@integer/google_play_services_version" />
131-->[com.google.android.gms:play-services-basement:18.0.0] AndroidManifest.xml:23:13-66
132
133        <provider
133-->[androidx.work:work-runtime:2.7.0] AndroidManifest.xml:31:9-39:20
134            android:name="androidx.startup.InitializationProvider"
134-->[androidx.work:work-runtime:2.7.0] AndroidManifest.xml:32:13-67
135            android:authorities="com.gmail.seriousapp777_ayakashitriangle.androidx-startup"
135-->[androidx.work:work-runtime:2.7.0] AndroidManifest.xml:33:13-68
136            android:exported="false" >
136-->[androidx.work:work-runtime:2.7.0] AndroidManifest.xml:34:13-37
137            <meta-data
137-->[androidx.work:work-runtime:2.7.0] AndroidManifest.xml:36:13-38:52
138                android:name="androidx.work.WorkManagerInitializer"
138-->[androidx.work:work-runtime:2.7.0] AndroidManifest.xml:37:17-68
139                android:value="androidx.startup" />
139-->[androidx.work:work-runtime:2.7.0] AndroidManifest.xml:38:17-49
140        </provider>
141
142        <service
142-->[androidx.work:work-runtime:2.7.0] AndroidManifest.xml:41:9-46:35
143            android:name="androidx.work.impl.background.systemalarm.SystemAlarmService"
143-->[androidx.work:work-runtime:2.7.0] AndroidManifest.xml:42:13-88
144            android:directBootAware="false"
144-->[androidx.work:work-runtime:2.7.0] AndroidManifest.xml:43:13-44
145            android:enabled="@bool/enable_system_alarm_service_default"
145-->[androidx.work:work-runtime:2.7.0] AndroidManifest.xml:44:13-72
146            android:exported="false" />
146-->[androidx.work:work-runtime:2.7.0] AndroidManifest.xml:45:13-37
147        <service
147-->[androidx.work:work-runtime:2.7.0] AndroidManifest.xml:47:9-53:35
148            android:name="androidx.work.impl.background.systemjob.SystemJobService"
148-->[androidx.work:work-runtime:2.7.0] AndroidManifest.xml:48:13-84
149            android:directBootAware="false"
149-->[androidx.work:work-runtime:2.7.0] AndroidManifest.xml:49:13-44
150            android:enabled="@bool/enable_system_job_service_default"
150-->[androidx.work:work-runtime:2.7.0] AndroidManifest.xml:50:13-70
151            android:exported="true"
151-->[androidx.work:work-runtime:2.7.0] AndroidManifest.xml:51:13-36
152            android:permission="android.permission.BIND_JOB_SERVICE" />
152-->[androidx.work:work-runtime:2.7.0] AndroidManifest.xml:52:13-69
153        <service
153-->[androidx.work:work-runtime:2.7.0] AndroidManifest.xml:54:9-59:35
154            android:name="androidx.work.impl.foreground.SystemForegroundService"
154-->[androidx.work:work-runtime:2.7.0] AndroidManifest.xml:55:13-81
155            android:directBootAware="false"
155-->[androidx.work:work-runtime:2.7.0] AndroidManifest.xml:56:13-44
156            android:enabled="@bool/enable_system_foreground_service_default"
156-->[androidx.work:work-runtime:2.7.0] AndroidManifest.xml:57:13-77
157            android:exported="false" />
157-->[androidx.work:work-runtime:2.7.0] AndroidManifest.xml:58:13-37
158
159        <receiver
159-->[androidx.work:work-runtime:2.7.0] AndroidManifest.xml:61:9-66:35
160            android:name="androidx.work.impl.utils.ForceStopRunnable$BroadcastReceiver"
160-->[androidx.work:work-runtime:2.7.0] AndroidManifest.xml:62:13-88
161            android:directBootAware="false"
161-->[androidx.work:work-runtime:2.7.0] AndroidManifest.xml:63:13-44
162            android:enabled="true"
162-->[androidx.work:work-runtime:2.7.0] AndroidManifest.xml:64:13-35
163            android:exported="false" />
163-->[androidx.work:work-runtime:2.7.0] AndroidManifest.xml:65:13-37
164        <receiver
164-->[androidx.work:work-runtime:2.7.0] AndroidManifest.xml:67:9-77:20
165            android:name="androidx.work.impl.background.systemalarm.ConstraintProxy$BatteryChargingProxy"
165-->[androidx.work:work-runtime:2.7.0] AndroidManifest.xml:68:13-106
166            android:directBootAware="false"
166-->[androidx.work:work-runtime:2.7.0] AndroidManifest.xml:69:13-44
167            android:enabled="false"
167-->[androidx.work:work-runtime:2.7.0] AndroidManifest.xml:70:13-36
168            android:exported="false" >
168-->[androidx.work:work-runtime:2.7.0] AndroidManifest.xml:71:13-37
169            <intent-filter>
169-->[androidx.work:work-runtime:2.7.0] AndroidManifest.xml:73:13-76:29
170                <action android:name="android.intent.action.ACTION_POWER_CONNECTED" />
170-->[androidx.work:work-runtime:2.7.0] AndroidManifest.xml:74:17-87
170-->[androidx.work:work-runtime:2.7.0] AndroidManifest.xml:74:25-84
171                <action android:name="android.intent.action.ACTION_POWER_DISCONNECTED" />
171-->[androidx.work:work-runtime:2.7.0] AndroidManifest.xml:75:17-90
171-->[androidx.work:work-runtime:2.7.0] AndroidManifest.xml:75:25-87
172            </intent-filter>
173        </receiver>
174        <receiver
174-->[androidx.work:work-runtime:2.7.0] AndroidManifest.xml:78:9-88:20
175            android:name="androidx.work.impl.background.systemalarm.ConstraintProxy$BatteryNotLowProxy"
175-->[androidx.work:work-runtime:2.7.0] AndroidManifest.xml:79:13-104
176            android:directBootAware="false"
176-->[androidx.work:work-runtime:2.7.0] AndroidManifest.xml:80:13-44
177            android:enabled="false"
177-->[androidx.work:work-runtime:2.7.0] AndroidManifest.xml:81:13-36
178            android:exported="false" >
178-->[androidx.work:work-runtime:2.7.0] AndroidManifest.xml:82:13-37
179            <intent-filter>
179-->[androidx.work:work-runtime:2.7.0] AndroidManifest.xml:84:13-87:29
180                <action android:name="android.intent.action.BATTERY_OKAY" />
180-->[androidx.work:work-runtime:2.7.0] AndroidManifest.xml:85:17-77
180-->[androidx.work:work-runtime:2.7.0] AndroidManifest.xml:85:25-74
181                <action android:name="android.intent.action.BATTERY_LOW" />
181-->[androidx.work:work-runtime:2.7.0] AndroidManifest.xml:86:17-76
181-->[androidx.work:work-runtime:2.7.0] AndroidManifest.xml:86:25-73
182            </intent-filter>
183        </receiver>
184        <receiver
184-->[androidx.work:work-runtime:2.7.0] AndroidManifest.xml:89:9-99:20
185            android:name="androidx.work.impl.background.systemalarm.ConstraintProxy$StorageNotLowProxy"
185-->[androidx.work:work-runtime:2.7.0] AndroidManifest.xml:90:13-104
186            android:directBootAware="false"
186-->[androidx.work:work-runtime:2.7.0] AndroidManifest.xml:91:13-44
187            android:enabled="false"
187-->[androidx.work:work-runtime:2.7.0] AndroidManifest.xml:92:13-36
188            android:exported="false" >
188-->[androidx.work:work-runtime:2.7.0] AndroidManifest.xml:93:13-37
189            <intent-filter>
189-->[androidx.work:work-runtime:2.7.0] AndroidManifest.xml:95:13-98:29
190                <action android:name="android.intent.action.DEVICE_STORAGE_LOW" />
190-->[androidx.work:work-runtime:2.7.0] AndroidManifest.xml:96:17-83
190-->[androidx.work:work-runtime:2.7.0] AndroidManifest.xml:96:25-80
191                <action android:name="android.intent.action.DEVICE_STORAGE_OK" />
191-->[androidx.work:work-runtime:2.7.0] AndroidManifest.xml:97:17-82
191-->[androidx.work:work-runtime:2.7.0] AndroidManifest.xml:97:25-79
192            </intent-filter>
193        </receiver>
194        <receiver
194-->[androidx.work:work-runtime:2.7.0] AndroidManifest.xml:100:9-109:20
195            android:name="androidx.work.impl.background.systemalarm.ConstraintProxy$NetworkStateProxy"
195-->[androidx.work:work-runtime:2.7.0] AndroidManifest.xml:101:13-103
196            android:directBootAware="false"
196-->[androidx.work:work-runtime:2.7.0] AndroidManifest.xml:102:13-44
197            android:enabled="false"
197-->[androidx.work:work-runtime:2.7.0] AndroidManifest.xml:103:13-36
198            android:exported="false" >
198-->[androidx.work:work-runtime:2.7.0] AndroidManifest.xml:104:13-37
199            <intent-filter>
199-->[androidx.work:work-runtime:2.7.0] AndroidManifest.xml:106:13-108:29
200                <action android:name="android.net.conn.CONNECTIVITY_CHANGE" />
200-->[androidx.work:work-runtime:2.7.0] AndroidManifest.xml:107:17-79
200-->[androidx.work:work-runtime:2.7.0] AndroidManifest.xml:107:25-76
201            </intent-filter>
202        </receiver>
203        <receiver
203-->[androidx.work:work-runtime:2.7.0] AndroidManifest.xml:110:9-121:20
204            android:name="androidx.work.impl.background.systemalarm.RescheduleReceiver"
204-->[androidx.work:work-runtime:2.7.0] AndroidManifest.xml:111:13-88
205            android:directBootAware="false"
205-->[androidx.work:work-runtime:2.7.0] AndroidManifest.xml:112:13-44
206            android:enabled="false"
206-->[androidx.work:work-runtime:2.7.0] AndroidManifest.xml:113:13-36
207            android:exported="false" >
207-->[androidx.work:work-runtime:2.7.0] AndroidManifest.xml:114:13-37
208            <intent-filter>
208-->[androidx.work:work-runtime:2.7.0] AndroidManifest.xml:116:13-120:29
209                <action android:name="android.intent.action.BOOT_COMPLETED" />
209-->[androidx.work:work-runtime:2.7.0] AndroidManifest.xml:117:17-79
209-->[androidx.work:work-runtime:2.7.0] AndroidManifest.xml:117:25-76
210                <action android:name="android.intent.action.TIME_SET" />
210-->[androidx.work:work-runtime:2.7.0] AndroidManifest.xml:118:17-73
210-->[androidx.work:work-runtime:2.7.0] AndroidManifest.xml:118:25-70
211                <action android:name="android.intent.action.TIMEZONE_CHANGED" />
211-->[androidx.work:work-runtime:2.7.0] AndroidManifest.xml:119:17-81
211-->[androidx.work:work-runtime:2.7.0] AndroidManifest.xml:119:25-78
212            </intent-filter>
213        </receiver>
214        <receiver
214-->[androidx.work:work-runtime:2.7.0] AndroidManifest.xml:122:9-131:20
215            android:name="androidx.work.impl.background.systemalarm.ConstraintProxyUpdateReceiver"
215-->[androidx.work:work-runtime:2.7.0] AndroidManifest.xml:123:13-99
216            android:directBootAware="false"
216-->[androidx.work:work-runtime:2.7.0] AndroidManifest.xml:124:13-44
217            android:enabled="@bool/enable_system_alarm_service_default"
217-->[androidx.work:work-runtime:2.7.0] AndroidManifest.xml:125:13-72
218            android:exported="false" >
218-->[androidx.work:work-runtime:2.7.0] AndroidManifest.xml:126:13-37
219            <intent-filter>
219-->[androidx.work:work-runtime:2.7.0] AndroidManifest.xml:128:13-130:29
220                <action android:name="androidx.work.impl.background.systemalarm.UpdateProxies" />
220-->[androidx.work:work-runtime:2.7.0] AndroidManifest.xml:129:17-98
220-->[androidx.work:work-runtime:2.7.0] AndroidManifest.xml:129:25-95
221            </intent-filter>
222        </receiver>
223        <receiver
223-->[androidx.work:work-runtime:2.7.0] AndroidManifest.xml:132:9-142:20
224            android:name="androidx.work.impl.diagnostics.DiagnosticsReceiver"
224-->[androidx.work:work-runtime:2.7.0] AndroidManifest.xml:133:13-78
225            android:directBootAware="false"
225-->[androidx.work:work-runtime:2.7.0] AndroidManifest.xml:134:13-44
226            android:enabled="true"
226-->[androidx.work:work-runtime:2.7.0] AndroidManifest.xml:135:13-35
227            android:exported="true"
227-->[androidx.work:work-runtime:2.7.0] AndroidManifest.xml:136:13-36
228            android:permission="android.permission.DUMP" >
228-->[androidx.work:work-runtime:2.7.0] AndroidManifest.xml:137:13-57
229            <intent-filter>
229-->[androidx.work:work-runtime:2.7.0] AndroidManifest.xml:139:13-141:29
230                <action android:name="androidx.work.diagnostics.REQUEST_DIAGNOSTICS" />
230-->[androidx.work:work-runtime:2.7.0] AndroidManifest.xml:140:17-88
230-->[androidx.work:work-runtime:2.7.0] AndroidManifest.xml:140:25-85
231            </intent-filter>
232        </receiver>
233
234        <service
234-->[androidx.room:room-runtime:2.2.5] AndroidManifest.xml:25:9-28:40
235            android:name="androidx.room.MultiInstanceInvalidationService"
235-->[androidx.room:room-runtime:2.2.5] AndroidManifest.xml:26:13-74
236            android:directBootAware="true"
236-->[androidx.room:room-runtime:2.2.5] AndroidManifest.xml:27:13-43
237            android:exported="false" />
237-->[androidx.room:room-runtime:2.2.5] AndroidManifest.xml:28:13-37
238    </application>
239
240</manifest>